{"/Users/aliazlan/Projects/brandresumes-v2/server/app.js": {"path":"/Users/aliazlan/Projects/brandresumes-v2/server/app.js","statementMap":{"0":{"start":{"line":10,"column":12},"end":{"line":10,"column":21}},"1":{"start":{"line":13,"column":19},"end":{"line":13,"column":40}},"2":{"start":{"line":14,"column":0},"end":{"line":19,"column":4}},"3":{"start":{"line":22,"column":0},"end":{"line":22,"column":24}},"4":{"start":{"line":23,"column":0},"end":{"line":23,"column":48}},"5":{"start":{"line":26,"column":0},"end":{"line":26,"column":31}},"6":{"start":{"line":27,"column":0},"end":{"line":27,"column":28}},"7":{"start":{"line":30,"column":0},"end":{"line":30,"column":16}},"8":{"start":{"line":33,"column":0},"end":{"line":33,"column":42}},"9":{"start":{"line":36,"column":0},"end":{"line":38,"column":3}},"10":{"start":{"line":37,"column":1},"end":{"line":37,"column":51}}},"fnMap":{"0":{"name":"(anonymous_0)","decl":{"start":{"line":36,"column":13},"end":{"line":36,"column":14}},"loc":{"start":{"line":36,"column":30},"end":{"line":38,"column":1}},"line":36}},"branchMap":{},"s":{"0":1,"1":1,"2":1,"3":1,"4":1,"5":1,"6":1,"7":1,"8":1,"9":1,"10":0},"f":{"0":0},"b":{},"_coverageSchema":"43e27e138ebf9cfc5966b082cf9a028302ed4184","hash":"f4f2e06feac34523e5c3d48de0ad783604d5e275"}
,"/Users/aliazlan/Projects/brandresumes-v2/server/passport.js": {"path":"/Users/aliazlan/Projects/brandresumes-v2/server/passport.js","statementMap":{"0":{"start":{"line":6,"column":0},"end":{"line":9,"column":3}},"1":{"start":{"line":7,"column":1},"end":{"line":7,"column":27}},"2":{"start":{"line":8,"column":1},"end":{"line":8,"column":18}},"3":{"start":{"line":11,"column":0},"end":{"line":13,"column":3}},"4":{"start":{"line":12,"column":1},"end":{"line":12,"column":18}},"5":{"start":{"line":15,"column":0},"end":{"line":35,"column":3}},"6":{"start":{"line":20,"column":2},"end":{"line":33,"column":3}},"7":{"start":{"line":21,"column":16},"end":{"line":21,"column":65}},"8":{"start":{"line":23,"column":3},"end":{"line":24,"column":76}},"9":{"start":{"line":24,"column":4},"end":{"line":24,"column":76}},"10":{"start":{"line":26,"column":3},"end":{"line":30,"column":6}},"11":{"start":{"line":27,"column":4},"end":{"line":27,"column":30}},"12":{"start":{"line":27,"column":13},"end":{"line":27,"column":30}},"13":{"start":{"line":28,"column":4},"end":{"line":28,"column":93}},"14":{"start":{"line":28,"column":20},"end":{"line":28,"column":93}},"15":{"start":{"line":29,"column":4},"end":{"line":29,"column":21}},"16":{"start":{"line":32,"column":3},"end":{"line":32,"column":15}},"17":{"start":{"line":37,"column":0},"end":{"line":40,"column":2}},"18":{"start":{"line":38,"column":1},"end":{"line":38,"column":29}},"19":{"start":{"line":38,"column":15},"end":{"line":38,"column":29}},"20":{"start":{"line":39,"column":1},"end":{"line":39,"column":80}}},"fnMap":{"0":{"name":"(anonymous_0)","decl":{"start":{"line":6,"column":23},"end":{"line":6,"column":24}},"loc":{"start":{"line":6,"column":44},"end":{"line":9,"column":1}},"line":6},"1":{"name":"(anonymous_1)","decl":{"start":{"line":11,"column":25},"end":{"line":11,"column":26}},"loc":{"start":{"line":11,"column":46},"end":{"line":13,"column":1}},"line":11},"2":{"name":"(anonymous_2)","decl":{"start":{"line":19,"column":1},"end":{"line":19,"column":2}},"loc":{"start":{"line":19,"column":39},"end":{"line":34,"column":2}},"line":19},"3":{"name":"(anonymous_3)","decl":{"start":{"line":26,"column":32},"end":{"line":26,"column":33}},"loc":{"start":{"line":26,"column":52},"end":{"line":30,"column":4}},"line":26},"4":{"name":"(anonymous_4)","decl":{"start":{"line":37,"column":28},"end":{"line":37,"column":29}},"loc":{"start":{"line":37,"column":54},"end":{"line":40,"column":1}},"line":37}},"branchMap":{"0":{"loc":{"start":{"line":23,"column":3},"end":{"line":24,"column":76}},"type":"if","locations":[{"start":{"line":23,"column":3},"end":{"line":24,"column":76}},{"start":{"line":23,"column":3},"end":{"line":24,"column":76}}],"line":23},"1":{"loc":{"start":{"line":27,"column":4},"end":{"line":27,"column":30}},"type":"if","locations":[{"start":{"line":27,"column":4},"end":{"line":27,"column":30}},{"start":{"line":27,"column":4},"end":{"line":27,"column":30}}],"line":27},"2":{"loc":{"start":{"line":28,"column":4},"end":{"line":28,"column":93}},"type":"if","locations":[{"start":{"line":28,"column":4},"end":{"line":28,"column":93}},{"start":{"line":28,"column":4},"end":{"line":28,"column":93}}],"line":28},"3":{"loc":{"start":{"line":38,"column":1},"end":{"line":38,"column":29}},"type":"if","locations":[{"start":{"line":38,"column":1},"end":{"line":38,"column":29}},{"start":{"line":38,"column":1},"end":{"line":38,"column":29}}],"line":38}},"s":{"0":1,"1":6,"2":6,"3":1,"4":3,"5":1,"6":2,"7":2,"8":2,"9":1,"10":1,"11":1,"12":0,"13":1,"14":0,"15":1,"16":0,"17":1,"18":6,"19":3,"20":3},"f":{"0":6,"1":3,"2":2,"3":1,"4":6},"b":{"0":[1,1],"1":[0,1],"2":[0,1],"3":[3,3]},"_coverageSchema":"43e27e138ebf9cfc5966b082cf9a028302ed4184","hash":"d3370e9773c3a55e8c299748bf76a7ce4ef98236"}
,"/Users/aliazlan/Projects/brandresumes-v2/server/router.js": {"path":"/Users/aliazlan/Projects/brandresumes-v2/server/router.js","statementMap":{"0":{"start":{"line":8,"column":19},"end":{"line":8,"column":26}},"1":{"start":{"line":11,"column":22},"end":{"line":14,"column":1}},"2":{"start":{"line":17,"column":29},"end":{"line":20,"column":1}},"3":{"start":{"line":23,"column":16},"end":{"line":23,"column":24}},"4":{"start":{"line":25,"column":1},"end":{"line":28,"column":2}},"5":{"start":{"line":26,"column":26},"end":{"line":26,"column":42}},"6":{"start":{"line":27,"column":2},"end":{"line":27,"column":64}},"7":{"start":{"line":30,"column":1},"end":{"line":33,"column":2}},"8":{"start":{"line":31,"column":26},"end":{"line":31,"column":42}},"9":{"start":{"line":32,"column":2},"end":{"line":32,"column":103}},"10":{"start":{"line":35,"column":1},"end":{"line":35,"column":29}}},"fnMap":{"0":{"name":"(anonymous_0)","decl":{"start":{"line":22,"column":15},"end":{"line":22,"column":16}},"loc":{"start":{"line":22,"column":24},"end":{"line":36,"column":1}},"line":22}},"branchMap":{},"s":{"0":1,"1":1,"2":1,"3":1,"4":1,"5":2,"6":2,"7":1,"8":2,"9":2,"10":1},"f":{"0":1},"b":{},"_coverageSchema":"43e27e138ebf9cfc5966b082cf9a028302ed4184","hash":"b82e368fa01dd448a81e328ee2e0b93397179fc1"}
,"/Users/aliazlan/Projects/brandresumes-v2/server/services/users/user.model.js": {"path":"/Users/aliazlan/Projects/brandresumes-v2/server/services/users/user.model.js","statementMap":{"0":{"start":{"line":4,"column":25},"end":{"line":4,"column":27}},"1":{"start":{"line":6,"column":19},"end":{"line":59,"column":24}},"2":{"start":{"line":13,"column":4},"end":{"line":13,"column":57}},"3":{"start":{"line":24,"column":4},"end":{"line":24,"column":57}},"4":{"start":{"line":36,"column":4},"end":{"line":36,"column":51}},"5":{"start":{"line":53,"column":4},"end":{"line":53,"column":28}},"6":{"start":{"line":61,"column":0},"end":{"line":67,"column":3}},"7":{"start":{"line":62,"column":1},"end":{"line":62,"column":45}},"8":{"start":{"line":64,"column":31},"end":{"line":64,"column":50}},"9":{"start":{"line":65,"column":1},"end":{"line":65,"column":28}},"10":{"start":{"line":66,"column":1},"end":{"line":66,"column":26}},"11":{"start":{"line":69,"column":0},"end":{"line":88,"column":3}},"12":{"start":{"line":70,"column":14},"end":{"line":70,"column":18}},"13":{"start":{"line":73,"column":1},"end":{"line":73,"column":49}},"14":{"start":{"line":73,"column":35},"end":{"line":73,"column":49}},"15":{"start":{"line":76,"column":1},"end":{"line":87,"column":4}},"16":{"start":{"line":77,"column":2},"end":{"line":77,"column":28}},"17":{"start":{"line":77,"column":11},"end":{"line":77,"column":28}},"18":{"start":{"line":80,"column":2},"end":{"line":86,"column":5}},"19":{"start":{"line":81,"column":3},"end":{"line":81,"column":29}},"20":{"start":{"line":81,"column":12},"end":{"line":81,"column":29}},"21":{"start":{"line":84,"column":3},"end":{"line":84,"column":24}},"22":{"start":{"line":85,"column":3},"end":{"line":85,"column":10}},"23":{"start":{"line":90,"column":0},"end":{"line":95,"column":2}},"24":{"start":{"line":91,"column":1},"end":{"line":94,"column":4}},"25":{"start":{"line":92,"column":2},"end":{"line":92,"column":26}},"26":{"start":{"line":92,"column":11},"end":{"line":92,"column":26}},"27":{"start":{"line":93,"column":2},"end":{"line":93,"column":20}}},"fnMap":{"0":{"name":"(anonymous_0)","decl":{"start":{"line":12,"column":14},"end":{"line":12,"column":15}},"loc":{"start":{"line":12,"column":31},"end":{"line":14,"column":4}},"line":12},"1":{"name":"(anonymous_1)","decl":{"start":{"line":23,"column":14},"end":{"line":23,"column":15}},"loc":{"start":{"line":23,"column":31},"end":{"line":25,"column":4}},"line":23},"2":{"name":"(anonymous_2)","decl":{"start":{"line":35,"column":14},"end":{"line":35,"column":15}},"loc":{"start":{"line":35,"column":31},"end":{"line":37,"column":4}},"line":35},"3":{"name":"(anonymous_3)","decl":{"start":{"line":52,"column":14},"end":{"line":52,"column":15}},"loc":{"start":{"line":52,"column":31},"end":{"line":54,"column":4}},"line":52},"4":{"name":"(anonymous_4)","decl":{"start":{"line":61,"column":35},"end":{"line":61,"column":36}},"loc":{"start":{"line":61,"column":47},"end":{"line":63,"column":1}},"line":61},"5":{"name":"(anonymous_5)","decl":{"start":{"line":63,"column":7},"end":{"line":63,"column":8}},"loc":{"start":{"line":63,"column":27},"end":{"line":67,"column":1}},"line":63},"6":{"name":"(anonymous_6)","decl":{"start":{"line":69,"column":23},"end":{"line":69,"column":24}},"loc":{"start":{"line":69,"column":38},"end":{"line":88,"column":1}},"line":69},"7":{"name":"(anonymous_7)","decl":{"start":{"line":76,"column":34},"end":{"line":76,"column":35}},"loc":{"start":{"line":76,"column":54},"end":{"line":87,"column":2}},"line":76},"8":{"name":"(anonymous_8)","decl":{"start":{"line":80,"column":35},"end":{"line":80,"column":36}},"loc":{"start":{"line":80,"column":55},"end":{"line":86,"column":3}},"line":80},"9":{"name":"(anonymous_9)","decl":{"start":{"line":90,"column":35},"end":{"line":90,"column":36}},"loc":{"start":{"line":90,"column":66},"end":{"line":95,"column":1}},"line":90},"10":{"name":"(anonymous_10)","decl":{"start":{"line":91,"column":49},"end":{"line":91,"column":50}},"loc":{"start":{"line":91,"column":72},"end":{"line":94,"column":2}},"line":91}},"branchMap":{"0":{"loc":{"start":{"line":13,"column":11},"end":{"line":13,"column":56}},"type":"binary-expr","locations":[{"start":{"line":13,"column":11},"end":{"line":13,"column":27}},{"start":{"line":13,"column":31},"end":{"line":13,"column":56}}],"line":13},"1":{"loc":{"start":{"line":24,"column":11},"end":{"line":24,"column":56}},"type":"binary-expr","locations":[{"start":{"line":24,"column":11},"end":{"line":24,"column":27}},{"start":{"line":24,"column":31},"end":{"line":24,"column":56}}],"line":24},"2":{"loc":{"start":{"line":36,"column":11},"end":{"line":36,"column":50}},"type":"binary-expr","locations":[{"start":{"line":36,"column":11},"end":{"line":36,"column":27}},{"start":{"line":36,"column":31},"end":{"line":36,"column":50}}],"line":36},"3":{"loc":{"start":{"line":73,"column":1},"end":{"line":73,"column":49}},"type":"if","locations":[{"start":{"line":73,"column":1},"end":{"line":73,"column":49}},{"start":{"line":73,"column":1},"end":{"line":73,"column":49}}],"line":73},"4":{"loc":{"start":{"line":77,"column":2},"end":{"line":77,"column":28}},"type":"if","locations":[{"start":{"line":77,"column":2},"end":{"line":77,"column":28}},{"start":{"line":77,"column":2},"end":{"line":77,"column":28}}],"line":77},"5":{"loc":{"start":{"line":81,"column":3},"end":{"line":81,"column":29}},"type":"if","locations":[{"start":{"line":81,"column":3},"end":{"line":81,"column":29}},{"start":{"line":81,"column":3},"end":{"line":81,"column":29}}],"line":81},"6":{"loc":{"start":{"line":92,"column":2},"end":{"line":92,"column":26}},"type":"if","locations":[{"start":{"line":92,"column":2},"end":{"line":92,"column":26}},{"start":{"line":92,"column":2},"end":{"line":92,"column":26}}],"line":92}},"s":{"0":1,"1":1,"2":5,"3":5,"4":5,"5":5,"6":1,"7":0,"8":0,"9":0,"10":0,"11":1,"12":5,"13":5,"14":0,"15":5,"16":5,"17":0,"18":5,"19":5,"20":0,"21":5,"22":5,"23":1,"24":1,"25":1,"26":0,"27":1},"f":{"0":5,"1":5,"2":5,"3":5,"4":0,"5":0,"6":5,"7":5,"8":5,"9":1,"10":1},"b":{"0":[5,5],"1":[5,5],"2":[5,5],"3":[0,5],"4":[0,5],"5":[0,5],"6":[0,1]},"_coverageSchema":"43e27e138ebf9cfc5966b082cf9a028302ed4184","hash":"76645ac4e85f25755780b4bd18096f3b14cfa8c1"}
,"/Users/aliazlan/Projects/brandresumes-v2/server/services/users/users.controller.js": {"path":"/Users/aliazlan/Projects/brandresumes-v2/server/services/users/users.controller.js","statementMap":{"0":{"start":{"line":6,"column":1},"end":{"line":6,"column":51}},"1":{"start":{"line":10,"column":1},"end":{"line":10,"column":51}},"2":{"start":{"line":14,"column":20},"end":{"line":14,"column":47}},"3":{"start":{"line":15,"column":1},"end":{"line":16,"column":82}},"4":{"start":{"line":16,"column":2},"end":{"line":16,"column":82}},"5":{"start":{"line":18,"column":50},"end":{"line":18,"column":58}},"6":{"start":{"line":20,"column":20},"end":{"line":20,"column":56}},"7":{"start":{"line":21,"column":1},"end":{"line":21,"column":82}},"8":{"start":{"line":21,"column":17},"end":{"line":21,"column":82}},"9":{"start":{"line":23,"column":14},"end":{"line":23,"column":86}},"10":{"start":{"line":24,"column":1},"end":{"line":24,"column":19}},"11":{"start":{"line":27,"column":1},"end":{"line":32,"column":4}},"12":{"start":{"line":28,"column":2},"end":{"line":30,"column":3}},"13":{"start":{"line":29,"column":3},"end":{"line":29,"column":74}},"14":{"start":{"line":31,"column":2},"end":{"line":31,"column":51}},"15":{"start":{"line":36,"column":1},"end":{"line":36,"column":14}},"16":{"start":{"line":37,"column":1},"end":{"line":37,"column":75}},"17":{"start":{"line":41,"column":1},"end":{"line":46,"column":4}}},"fnMap":{"0":{"name":"loginSuccessful","decl":{"start":{"line":5,"column":22},"end":{"line":5,"column":37}},"loc":{"start":{"line":5,"column":48},"end":{"line":7,"column":1}},"line":5},"1":{"name":"getUser","decl":{"start":{"line":9,"column":22},"end":{"line":9,"column":29}},"loc":{"start":{"line":9,"column":40},"end":{"line":11,"column":1}},"line":9},"2":{"name":"register","decl":{"start":{"line":13,"column":22},"end":{"line":13,"column":30}},"loc":{"start":{"line":13,"column":41},"end":{"line":33,"column":1}},"line":13},"3":{"name":"(anonymous_3)","decl":{"start":{"line":27,"column":17},"end":{"line":27,"column":18}},"loc":{"start":{"line":27,"column":24},"end":{"line":32,"column":2}},"line":27},"4":{"name":"logout","decl":{"start":{"line":35,"column":22},"end":{"line":35,"column":28}},"loc":{"start":{"line":35,"column":39},"end":{"line":38,"column":1}},"line":35},"5":{"name":"registerValidator","decl":{"start":{"line":40,"column":9},"end":{"line":40,"column":26}},"loc":{"start":{"line":40,"column":33},"end":{"line":47,"column":1}},"line":40}},"branchMap":{"0":{"loc":{"start":{"line":15,"column":1},"end":{"line":16,"column":82}},"type":"if","locations":[{"start":{"line":15,"column":1},"end":{"line":16,"column":82}},{"start":{"line":15,"column":1},"end":{"line":16,"column":82}}],"line":15},"1":{"loc":{"start":{"line":21,"column":1},"end":{"line":21,"column":82}},"type":"if","locations":[{"start":{"line":21,"column":1},"end":{"line":21,"column":82}},{"start":{"line":21,"column":1},"end":{"line":21,"column":82}}],"line":21},"2":{"loc":{"start":{"line":28,"column":2},"end":{"line":30,"column":3}},"type":"if","locations":[{"start":{"line":28,"column":2},"end":{"line":30,"column":3}},{"start":{"line":28,"column":2},"end":{"line":30,"column":3}}],"line":28}},"s":{"0":1,"1":1,"2":7,"3":7,"4":2,"5":5,"6":5,"7":5,"8":0,"9":5,"10":5,"11":5,"12":5,"13":0,"14":5,"15":2,"16":2,"17":7},"f":{"0":1,"1":1,"2":7,"3":5,"4":2,"5":7},"b":{"0":[2,5],"1":[0,5],"2":[0,5]},"_coverageSchema":"43e27e138ebf9cfc5966b082cf9a028302ed4184","hash":"c4689d151d74ae53d4c8f98eaedb039e2fda001c"}
}
