TN:
SF:/Users/aliazlan/Projects/brandresumes-v2/server/app.js
FN:36,(anonymous_0)
FNF:1
FNH:0
FNDA:0,(anonymous_0)
DA:10,1
DA:13,1
DA:14,1
DA:22,1
DA:23,1
DA:26,1
DA:27,1
DA:30,1
DA:33,1
DA:36,1
DA:37,0
LF:11
LH:10
BRF:0
BRH:0
end_of_record
TN:
SF:/Users/aliazlan/Projects/brandresumes-v2/server/passport.js
FN:6,(anonymous_0)
FN:11,(anonymous_1)
FN:19,(anonymous_2)
FN:26,(anonymous_3)
FN:37,(anonymous_4)
FNF:5
FNH:5
FNDA:6,(anonymous_0)
FNDA:3,(anonymous_1)
FNDA:2,(anonymous_2)
FNDA:1,(anonymous_3)
FNDA:6,(anonymous_4)
DA:6,1
DA:7,6
DA:8,6
DA:11,1
DA:12,3
DA:15,1
DA:20,2
DA:21,2
DA:23,2
DA:24,1
DA:26,1
DA:27,1
DA:28,1
DA:29,1
DA:32,0
DA:37,1
DA:38,6
DA:39,3
LF:18
LH:17
BRDA:23,0,0,1
BRDA:23,0,1,1
BRDA:27,1,0,0
BRDA:27,1,1,1
BRDA:28,2,0,0
BRDA:28,2,1,1
BRDA:38,3,0,3
BRDA:38,3,1,3
BRF:8
BRH:6
end_of_record
TN:
SF:/Users/aliazlan/Projects/brandresumes-v2/server/router.js
FN:22,(anonymous_0)
FNF:1
FNH:1
FNDA:1,(anonymous_0)
DA:8,1
DA:11,1
DA:17,1
DA:23,1
DA:25,1
DA:26,2
DA:27,2
DA:30,1
DA:31,2
DA:32,2
DA:35,1
LF:11
LH:11
BRF:0
BRH:0
end_of_record
TN:
SF:/Users/aliazlan/Projects/brandresumes-v2/server/services/users/user.model.js
FN:12,(anonymous_0)
FN:23,(anonymous_1)
FN:35,(anonymous_2)
FN:52,(anonymous_3)
FN:61,(anonymous_4)
FN:63,(anonymous_5)
FN:69,(anonymous_6)
FN:76,(anonymous_7)
FN:80,(anonymous_8)
FN:90,(anonymous_9)
FN:91,(anonymous_10)
FNF:11
FNH:9
FNDA:5,(anonymous_0)
FNDA:5,(anonymous_1)
FNDA:5,(anonymous_2)
FNDA:5,(anonymous_3)
FNDA:0,(anonymous_4)
FNDA:0,(anonymous_5)
FNDA:5,(anonymous_6)
FNDA:5,(anonymous_7)
FNDA:5,(anonymous_8)
FNDA:1,(anonymous_9)
FNDA:1,(anonymous_10)
DA:4,1
DA:6,1
DA:13,5
DA:24,5
DA:36,5
DA:53,5
DA:61,1
DA:62,0
DA:64,0
DA:65,0
DA:66,0
DA:69,1
DA:70,5
DA:73,5
DA:76,5
DA:77,5
DA:80,5
DA:81,5
DA:84,5
DA:85,5
DA:90,1
DA:91,1
DA:92,1
DA:93,1
LF:24
LH:20
BRDA:13,0,0,5
BRDA:13,0,1,5
BRDA:24,1,0,5
BRDA:24,1,1,5
BRDA:36,2,0,5
BRDA:36,2,1,5
BRDA:73,3,0,0
BRDA:73,3,1,5
BRDA:77,4,0,0
BRDA:77,4,1,5
BRDA:81,5,0,0
BRDA:81,5,1,5
BRDA:92,6,0,0
BRDA:92,6,1,1
BRF:14
BRH:10
end_of_record
TN:
SF:/Users/aliazlan/Projects/brandresumes-v2/server/services/users/users.controller.js
FN:5,loginSuccessful
FN:9,getUser
FN:13,register
FN:27,(anonymous_3)
FN:35,logout
FN:40,registerValidator
FNF:6
FNH:6
FNDA:1,loginSuccessful
FNDA:1,getUser
FNDA:7,register
FNDA:5,(anonymous_3)
FNDA:2,logout
FNDA:7,registerValidator
DA:6,1
DA:10,1
DA:14,7
DA:15,7
DA:16,2
DA:18,5
DA:20,5
DA:21,5
DA:23,5
DA:24,5
DA:27,5
DA:28,5
DA:29,0
DA:31,5
DA:36,2
DA:37,2
DA:41,7
LF:17
LH:16
BRDA:15,0,0,2
BRDA:15,0,1,5
BRDA:21,1,0,0
BRDA:21,1,1,5
BRDA:28,2,0,0
BRDA:28,2,1,5
BRF:6
BRH:4
end_of_record
